2022-06-22 15:58:52.324  INFO 9312 --- [main] com.midd.core.MiddlewareApplication      : Starting MiddlewareApplication using Java 18.0.1.1 on DESKTOP-9TFUPPJ with PID 9312 (C:\TCS_Proyecto\middleware\middleware_tcs_proyecto\Middleware\target\classes started by user in C:\TCS_Proyecto\middleware\middleware_tcs_proyecto\Middleware)
2022-06-22 15:58:52.341  INFO 9312 --- [main] com.midd.core.MiddlewareApplication      : No active profile set, falling back to 1 default profile: "default"
2022-06-22 15:58:54.052  INFO 9312 --- [main] .s.d.r.c.RepositoryConfigurationDelegate : Bootstrapping Spring Data JPA repositories in DEFAULT mode.
2022-06-22 15:58:54.303  INFO 9312 --- [main] .s.d.r.c.RepositoryConfigurationDelegate : Finished Spring Data repository scanning in 179 ms. Found 12 JPA repository interfaces.
2022-06-22 15:58:55.040  INFO 9312 --- [main] trationDelegate$BeanPostProcessorChecker : Bean 'org.springframework.ws.config.annotation.DelegatingWsConfiguration' of type [org.springframework.ws.config.annotation.DelegatingWsConfiguration$$EnhancerBySpringCGLIB$$63969cfa] is not eligible for getting processed by all BeanPostProcessors (for example: not eligible for auto-proxying)
2022-06-22 15:58:55.182  INFO 9312 --- [main] .w.s.a.s.AnnotationActionEndpointMapping : Supporting [WS-Addressing August 2004, WS-Addressing 1.0]
2022-06-22 15:58:55.972  INFO 9312 --- [main] o.s.b.w.embedded.tomcat.TomcatWebServer  : Tomcat initialized with port(s): 8081 (http)
2022-06-22 15:58:56.002  INFO 9312 --- [main] o.apache.catalina.core.StandardService   : Starting service [Tomcat]
2022-06-22 15:58:56.003  INFO 9312 --- [main] org.apache.catalina.core.StandardEngine  : Starting Servlet engine: [Apache Tomcat/9.0.60]
2022-06-22 15:58:56.251  INFO 9312 --- [main] o.a.c.c.C.[Tomcat].[localhost].[/]       : Initializing Spring embedded WebApplicationContext
2022-06-22 15:58:56.252  INFO 9312 --- [main] w.s.c.ServletWebServerApplicationContext : Root WebApplicationContext: initialization completed in 3762 ms
2022-06-22 15:58:56.968  INFO 9312 --- [main] o.hibernate.jpa.internal.util.LogHelper  : HHH000204: Processing PersistenceUnitInfo [name: default]
2022-06-22 15:58:57.068  INFO 9312 --- [main] org.hibernate.Version                    : HHH000412: Hibernate ORM core version 5.6.7.Final
2022-06-22 15:58:57.374  INFO 9312 --- [main] o.hibernate.annotations.common.Version   : HCANN000001: Hibernate Commons Annotations {5.1.2.Final}
2022-06-22 15:58:57.608  INFO 9312 --- [main] com.zaxxer.hikari.HikariDataSource       : HikariPool-1 - Starting...
2022-06-22 15:58:59.244  INFO 9312 --- [main] com.zaxxer.hikari.HikariDataSource       : HikariPool-1 - Start completed.
2022-06-22 15:58:59.307  INFO 9312 --- [main] org.hibernate.dialect.Dialect            : HHH000400: Using dialect: org.hibernate.dialect.SQLServer2012Dialect
2022-06-22 15:59:01.419  INFO 9312 --- [main] o.h.e.t.j.p.i.JtaPlatformInitiator       : HHH000490: Using JtaPlatform implementation: [org.hibernate.engine.transaction.jta.platform.internal.NoJtaPlatform]
2022-06-22 15:59:01.450  INFO 9312 --- [main] j.LocalContainerEntityManagerFactoryBean : Initialized JPA EntityManagerFactory for persistence unit 'default'
2022-06-22 15:59:03.197  WARN 9312 --- [main] JpaBaseConfiguration$JpaWebConfiguration : spring.jpa.open-in-view is enabled by default. Therefore, database queries may be performed during view rendering. Explicitly configure spring.jpa.open-in-view to disable this warning
2022-06-22 15:59:03.435  WARN 9312 --- [main] .s.s.UserDetailsServiceAutoConfiguration : 

Using generated security password: 50995ce7-1ef2-40db-93f3-882abd0cd7a7

This generated password is for development use only. Your security configuration must be updated before running your application in production.

2022-06-22 15:59:03.676  INFO 9312 --- [main] o.s.s.web.DefaultSecurityFilterChain     : Will not secure any request
2022-06-22 15:59:04.272  WARN 9312 --- [main] ion$DefaultTemplateResolverConfiguration : Cannot find template location: classpath:/templates/ (please add some templates or check your Thymeleaf configuration)
2022-06-22 15:59:04.532  INFO 9312 --- [main] o.s.b.w.embedded.tomcat.TomcatWebServer  : Tomcat started on port(s): 8081 (http) with context path ''
2022-06-22 15:59:04.560  INFO 9312 --- [main] com.midd.core.MiddlewareApplication      : Started MiddlewareApplication in 13.14 seconds (JVM running for 14.095)
2022-06-22 15:59:21.803  INFO 9312 --- [http-nio-8081-exec-1] o.a.c.c.C.[Tomcat].[localhost].[/]       : Initializing Spring DispatcherServlet 'dispatcherServlet'
2022-06-22 15:59:21.804  INFO 9312 --- [http-nio-8081-exec-1] o.s.web.servlet.DispatcherServlet        : Initializing Servlet 'dispatcherServlet'
2022-06-22 15:59:21.808  INFO 9312 --- [http-nio-8081-exec-1] o.s.web.servlet.DispatcherServlet        : Completed initialization in 1 ms
2022-06-22 16:07:12.034  INFO 13484 --- [main] com.midd.core.MiddlewareApplication      : Starting MiddlewareApplication using Java 18.0.1.1 on DESKTOP-9TFUPPJ with PID 13484 (C:\TCS_Proyecto\middleware\middleware_tcs_proyecto\Middleware\target\classes started by user in C:\TCS_Proyecto\middleware\middleware_tcs_proyecto\Middleware)
2022-06-22 16:07:12.045  INFO 13484 --- [main] com.midd.core.MiddlewareApplication      : No active profile set, falling back to 1 default profile: "default"
2022-06-22 16:07:13.468  INFO 13484 --- [main] .s.d.r.c.RepositoryConfigurationDelegate : Bootstrapping Spring Data JPA repositories in DEFAULT mode.
2022-06-22 16:07:13.664  INFO 13484 --- [main] .s.d.r.c.RepositoryConfigurationDelegate : Finished Spring Data repository scanning in 160 ms. Found 12 JPA repository interfaces.
2022-06-22 16:07:14.285  INFO 13484 --- [main] trationDelegate$BeanPostProcessorChecker : Bean 'org.springframework.ws.config.annotation.DelegatingWsConfiguration' of type [org.springframework.ws.config.annotation.DelegatingWsConfiguration$$EnhancerBySpringCGLIB$$965f9345] is not eligible for getting processed by all BeanPostProcessors (for example: not eligible for auto-proxying)
2022-06-22 16:07:14.372  INFO 13484 --- [main] .w.s.a.s.AnnotationActionEndpointMapping : Supporting [WS-Addressing August 2004, WS-Addressing 1.0]
2022-06-22 16:07:15.131  INFO 13484 --- [main] o.s.b.w.embedded.tomcat.TomcatWebServer  : Tomcat initialized with port(s): 8081 (http)
2022-06-22 16:07:15.161  INFO 13484 --- [main] o.apache.catalina.core.StandardService   : Starting service [Tomcat]
2022-06-22 16:07:15.166  INFO 13484 --- [main] org.apache.catalina.core.StandardEngine  : Starting Servlet engine: [Apache Tomcat/9.0.60]
2022-06-22 16:07:15.413  INFO 13484 --- [main] o.a.c.c.C.[Tomcat].[localhost].[/]       : Initializing Spring embedded WebApplicationContext
2022-06-22 16:07:15.415  INFO 13484 --- [main] w.s.c.ServletWebServerApplicationContext : Root WebApplicationContext: initialization completed in 3238 ms
2022-06-22 16:07:15.950  INFO 13484 --- [main] o.hibernate.jpa.internal.util.LogHelper  : HHH000204: Processing PersistenceUnitInfo [name: default]
2022-06-22 16:07:16.036  INFO 13484 --- [main] org.hibernate.Version                    : HHH000412: Hibernate ORM core version 5.6.7.Final
2022-06-22 16:07:16.359  INFO 13484 --- [main] o.hibernate.annotations.common.Version   : HCANN000001: Hibernate Commons Annotations {5.1.2.Final}
2022-06-22 16:07:16.618  INFO 13484 --- [main] com.zaxxer.hikari.HikariDataSource       : HikariPool-1 - Starting...
2022-06-22 16:07:18.053  INFO 13484 --- [main] com.zaxxer.hikari.HikariDataSource       : HikariPool-1 - Start completed.
2022-06-22 16:07:18.105  INFO 13484 --- [main] org.hibernate.dialect.Dialect            : HHH000400: Using dialect: org.hibernate.dialect.SQLServer2012Dialect
2022-06-22 16:07:20.959  INFO 13484 --- [main] o.h.e.t.j.p.i.JtaPlatformInitiator       : HHH000490: Using JtaPlatform implementation: [org.hibernate.engine.transaction.jta.platform.internal.NoJtaPlatform]
2022-06-22 16:07:20.973  INFO 13484 --- [main] j.LocalContainerEntityManagerFactoryBean : Initialized JPA EntityManagerFactory for persistence unit 'default'
2022-06-22 16:07:22.787  WARN 13484 --- [main] JpaBaseConfiguration$JpaWebConfiguration : spring.jpa.open-in-view is enabled by default. Therefore, database queries may be performed during view rendering. Explicitly configure spring.jpa.open-in-view to disable this warning
2022-06-22 16:07:22.954  WARN 13484 --- [main] .s.s.UserDetailsServiceAutoConfiguration : 

Using generated security password: 5030c71a-c912-47cd-a3a4-0c336665928a

This generated password is for development use only. Your security configuration must be updated before running your application in production.

2022-06-22 16:07:23.223  INFO 13484 --- [main] o.s.s.web.DefaultSecurityFilterChain     : Will not secure any request
2022-06-22 16:07:23.811  WARN 13484 --- [main] ion$DefaultTemplateResolverConfiguration : Cannot find template location: classpath:/templates/ (please add some templates or check your Thymeleaf configuration)
2022-06-22 16:07:24.039  INFO 13484 --- [main] o.s.b.w.embedded.tomcat.TomcatWebServer  : Tomcat started on port(s): 8081 (http) with context path ''
2022-06-22 16:07:24.055  INFO 13484 --- [main] com.midd.core.MiddlewareApplication      : Started MiddlewareApplication in 12.831 seconds (JVM running for 13.552)
